2014-02-09 21:25:30.517 SAILS alpha[28964:80b] Multi-tasking -> Device: YES, App: YES
2014-02-09 21:25:30.544 SAILS alpha[28964:80b] [CDVTimer][keyboard] 0.126004ms
2014-02-09 21:25:30.554 SAILS alpha[28964:80b] [CDVTimer][statusbar] 9.193003ms
2014-02-09 21:25:30.555 SAILS alpha[28964:80b] [CDVTimer][chromebootstrap] 0.056028ms
2014-02-09 21:25:30.555 SAILS alpha[28964:80b] [CDVTimer][chromeextensionurls] 0.075996ms
2014-02-09 21:25:30.556 SAILS alpha[28964:80b] [CDVTimer][chromenavigation] 0.045002ms
2014-02-09 21:25:30.556 SAILS alpha[28964:80b] [CDVTimer][TotalPluginStartup] 11.747003ms
2014-02-09 21:25:30.694 SAILS alpha[28964:80b] Resetting plugins due to page load.
2014-02-09 21:25:37.892 SAILS alpha[30249:80b] Multi-tasking -> Device: YES, App: YES
2014-02-09 21:25:37.919 SAILS alpha[30249:80b] [CDVTimer][keyboard] 0.075042ms
2014-02-09 21:25:37.926 SAILS alpha[30249:80b] [CDVTimer][statusbar] 6.850004ms
2014-02-09 21:25:37.927 SAILS alpha[30249:80b] [CDVTimer][chromebootstrap] 0.054002ms
2014-02-09 21:25:37.927 SAILS alpha[30249:80b] [CDVTimer][chromeextensionurls] 0.074983ms
2014-02-09 21:25:37.928 SAILS alpha[30249:80b] [CDVTimer][chromenavigation] 0.042021ms
2014-02-09 21:25:37.928 SAILS alpha[30249:80b] [CDVTimer][TotalPluginStartup] 9.157002ms
2014-02-09 21:25:38.045 SAILS alpha[30249:80b] Resetting plugins due to page load.
Terminating in response to SpringBoard's termination.
2014-02-09 21:44:31.212 SAILS alpha[31698:80b] Multi-tasking -> Device: YES, App: YES
2014-02-09 21:44:31.255 SAILS alpha[31698:80b] [CDVTimer][keyboard] 0.108004ms
2014-02-09 21:44:31.263 SAILS alpha[31698:80b] [CDVTimer][statusbar] 7.530987ms
2014-02-09 21:44:31.263 SAILS alpha[31698:80b] [CDVTimer][chromebootstrap] 0.036955ms
2014-02-09 21:44:31.264 SAILS alpha[31698:80b] [CDVTimer][chromeextensionurls] 0.071049ms
2014-02-09 21:44:31.264 SAILS alpha[31698:80b] [CDVTimer][chromenavigation] 0.036001ms
2014-02-09 21:44:31.264 SAILS alpha[31698:80b] [CDVTimer][TotalPluginStartup] 9.766996ms
2014-02-09 21:44:31.397 SAILS alpha[31698:80b] Resetting plugins due to page load.
2014-02-09 22:36:16.484 SAILS alpha[33237:80b] Multi-tasking -> Device: YES, App: YES
2014-02-09 22:36:16.511 SAILS alpha[33237:80b] [CDVTimer][keyboard] 0.113010ms
2014-02-09 22:36:16.519 SAILS alpha[33237:80b] [CDVTimer][statusbar] 7.512987ms
2014-02-09 22:36:16.519 SAILS alpha[33237:80b] [CDVTimer][chromebootstrap] 0.060022ms
2014-02-09 22:36:16.520 SAILS alpha[33237:80b] [CDVTimer][chromeextensionurls] 0.087976ms
2014-02-09 22:36:16.520 SAILS alpha[33237:80b] [CDVTimer][chromenavigation] 0.038981ms
2014-02-09 22:36:16.521 SAILS alpha[33237:80b] [CDVTimer][TotalPluginStartup] 10.196030ms
2014-02-09 22:36:16.623 SAILS alpha[33237:80b] Resetting plugins due to page load.
2014-02-09 22:36:16.764 SAILS alpha[33237:80b] Finished load of: chrome-extension://hddbmhmdcbhihmmhaphiellbbiaigkac/index.html
2014-02-09 22:36:17.281 SAILS alpha[33237:80b] setting movie path: 
2014-02-09 22:36:17.322 SAILS alpha[33237:3f03] ERROR whitelist rejection: url='https://cdnjs.cloudflare.com/ajax/libs/font-awesome/4.0.3/css/font-awesome.css'
2014-02-09 22:36:17.323 SAILS alpha[33237:3f03] ERROR whitelist rejection: url='https://cdnjs.cloudflare.com/ajax/libs/font-awesome/4.0.3/css/font-awesome.css'
2014-02-09 22:36:17.323 SAILS alpha[33237:3f03] ERROR whitelist rejection: url='https://cdnjs.cloudflare.com/ajax/libs/font-awesome/4.0.3/css/font-awesome.css'
Feb  9 22:37:55 nariakira.local SAILS alpha[33237] <Error>: CGImageCreate: invalid image size: 0 x 0.
2014-02-09 22:38:40.662 SAILS alpha[34539:80b] Multi-tasking -> Device: YES, App: YES
2014-02-09 22:38:40.685 SAILS alpha[34539:80b] [CDVTimer][keyboard] 0.078976ms
2014-02-09 22:38:40.692 SAILS alpha[34539:80b] [CDVTimer][statusbar] 6.999016ms
2014-02-09 22:38:40.692 SAILS alpha[34539:80b] [CDVTimer][chromebootstrap] 0.047028ms
2014-02-09 22:38:40.693 SAILS alpha[34539:80b] [CDVTimer][chromeextensionurls] 0.068009ms
2014-02-09 22:38:40.693 SAILS alpha[34539:80b] [CDVTimer][chromenavigation] 0.041008ms
2014-02-09 22:38:40.694 SAILS alpha[34539:80b] [CDVTimer][TotalPluginStartup] 9.110987ms
2014-02-09 22:38:40.814 SAILS alpha[34539:80b] Resetting plugins due to page load.
2014-02-09 22:38:40.931 SAILS alpha[34539:80b] Finished load of: chrome-extension://hddbmhmdcbhihmmhaphiellbbiaigkac/index.html
2014-02-09 22:38:41.394 SAILS alpha[34539:80b] setting movie path: 
2014-02-09 22:38:41.431 SAILS alpha[34539:3f03] ERROR whitelist rejection: url='https://cdnjs.cloudflare.com/ajax/libs/font-awesome/4.0.3/css/font-awesome.css'
2014-02-09 22:38:41.431 SAILS alpha[34539:3f03] ERROR whitelist rejection: url='https://cdnjs.cloudflare.com/ajax/libs/font-awesome/4.0.3/css/font-awesome.css'
2014-02-09 22:38:41.431 SAILS alpha[34539:3f03] ERROR whitelist rejection: url='https://cdnjs.cloudflare.com/ajax/libs/font-awesome/4.0.3/css/font-awesome.css'
Feb  9 22:38:56 nariakira.local SAILS alpha[34539] <Error>: CGImageCreate: invalid image size: 0 x 0.
Feb  9 22:39:01 nariakira.local SAILS alpha[34539] <Error>: CGImageCreate: invalid image size: 0 x 0.
2014-02-09 22:41:21.262 SAILS alpha[35848:80b] Multi-tasking -> Device: YES, App: YES
2014-02-09 22:41:21.286 SAILS alpha[35848:80b] [CDVTimer][keyboard] 0.074029ms
2014-02-09 22:41:21.295 SAILS alpha[35848:80b] [CDVTimer][statusbar] 8.453965ms
2014-02-09 22:41:21.295 SAILS alpha[35848:80b] [CDVTimer][chromebootstrap] 0.046968ms
2014-02-09 22:41:21.296 SAILS alpha[35848:80b] [CDVTimer][chromeextensionurls] 0.077963ms
2014-02-09 22:41:21.296 SAILS alpha[35848:80b] [CDVTimer][chromenavigation] 0.040054ms
2014-02-09 22:41:21.297 SAILS alpha[35848:80b] [CDVTimer][TotalPluginStartup] 10.845006ms
2014-02-09 22:41:21.390 SAILS alpha[35848:80b] Resetting plugins due to page load.
2014-02-09 22:41:21.522 SAILS alpha[35848:80b] Finished load of: chrome-extension://hddbmhmdcbhihmmhaphiellbbiaigkac/index.html
2014-02-09 22:41:21.996 SAILS alpha[35848:80b] setting movie path: 
2014-02-09 22:41:22.037 SAILS alpha[35848:3f03] ERROR whitelist rejection: url='https://cdnjs.cloudflare.com/ajax/libs/font-awesome/4.0.3/css/font-awesome.css'
2014-02-09 22:41:22.038 SAILS alpha[35848:3f03] ERROR whitelist rejection: url='https://cdnjs.cloudflare.com/ajax/libs/font-awesome/4.0.3/css/font-awesome.css'
2014-02-09 22:41:22.038 SAILS alpha[35848:3f03] ERROR whitelist rejection: url='https://cdnjs.cloudflare.com/ajax/libs/font-awesome/4.0.3/css/font-awesome.css'
Terminating in response to SpringBoard's termination.
